   -9.990000000  -31.150467655    0.172273164
   -9.890000000   -8.005966850    0.546104360
   -9.790000000   -4.839808283    0.720416809
   -9.690000000   -3.236910646    0.834742685
   -9.590000000   -2.198534962    0.914387494
   -9.490000000   -1.447652778    0.970111491
   -9.390000000   -0.870525748    1.007835797
   -9.290000000   -0.409909977    1.031302405
   -9.190000000   -0.033062069    1.043092966
   -9.090000000    0.280484699    1.045100086
   -8.990000000    0.544388341    1.038774292
   -8.890000000    0.768233921    1.025265554
   -8.790000000    0.959022594    1.005510050
   -8.690000000    1.122037233    0.980286266
   -8.590000000    1.261373084    0.950252861
   -8.490000000    1.380277608    0.915975149
   -8.390000000    1.481376251    0.877944172
   -8.290000000    1.566827213    0.836590801
   -8.190000000    1.638430417    0.792296383
   -8.090000000    1.697706091    0.745400946
   -7.990000000    1.745952587    0.696209622
   -7.890000000    1.784289743    0.644997749
   -7.790000000    1.813691916    0.592014989
   -7.690000000    1.835013535    0.537488683
   -7.590000000    1.849009128    0.481626613
   -7.490000000    1.856349213    0.424619310
   -7.390000000    1.857633038    0.366641984
   -7.290000000    1.853398912    0.307856166
   -7.190000000    1.844132653    0.248411105
   -7.090000000    1.830274557    0.188444970
   -6.990000000    1.812225196    0.128085892
   -6.890000000    1.790350274    0.067452867
   -6.790000000    1.764984723    0.006656549
   -6.690000000    1.736436184   -0.054200052
   -6.590000000    1.704987980   -0.115020958
   -6.490000000    1.670901670   -0.175716672
   -6.390000000    1.634419255   -0.236203693
   -6.290000000    1.595765089   -0.296404080
   -6.190000000    1.555147556   -0.356245061
   -6.090000000    1.512760530   -0.415658678
   -5.990000000    1.468784664   -0.474581471
   -5.890000000    1.423388526   -0.532954187
   -5.790000000    1.376729611   -0.590721520
   -5.690000000    1.328955236   -0.647831870
   -5.590000000    1.280203346   -0.704237128
   -5.490000000    1.230603228   -0.759892475
   -5.390000000    1.180276163   -0.814756199
   -5.290000000    1.129336003   -0.868789535
   -5.190000000    1.077889703   -0.921956507
   -5.090000000    1.026037794   -0.974223790
   -4.990000000    0.973874824   -1.025560584
   -4.890000000    0.921489745   -1.075938501
   -4.790000000    0.868966282   -1.125331452
   -4.690000000    0.816383261   -1.173715561
   -4.590000000    0.763814916   -1.221069074
   -4.490000000    0.711331162   -1.267372284
   -4.390000000    0.658997862   -1.312607466
   -4.290000000    0.606877058   -1.356758817
   -4.190000000    0.555027193   -1.399812413
   -4.090000000    0.503503317   -1.441756167
   -3.990000000    0.452357276   -1.482579806
   -3.890000000    0.401637887   -1.522274852
   -3.790000000    0.351391103   -1.560834620
   -3.690000000    0.301660168   -1.598254232
   -3.590000000    0.252485758   -1.634530636
   -3.490000000    0.203906118   -1.669662658
   -3.390000000    0.155957185   -1.703651062
   -3.290000000    0.108672708   -1.736498637
   -3.190000000    0.062084356   -1.768210320
   -3.090000000    0.016221827   -1.798793343
   -2.990000000   -0.028887057   -1.828257428
   -2.890000000   -0.073216260   -1.856615031
   -2.790000000   -0.116741441   -1.883881646
   -2.690000000   -0.159439874   -1.910076192
   -2.590000000   -0.201290374   -1.935221496
   -2.490000000   -0.242273221   -1.959344891
   -2.390000000   -0.282370098   -1.982478990
   -2.290000000   -0.321564028   -2.004662643
   -2.190000000   -0.359839317   -2.025942179
   -2.090000000   -0.397181506   -2.046372984
   -1.990000000   -0.433577326   -2.066021560
   -1.890000000   -0.469014666   -2.084968212
   -1.790000000   -0.503482547   -2.103310601
   -1.690000000   -0.536971110   -2.121168519
   -1.590000000   -0.569471623   -2.138690367
   -1.490000000   -0.600976512   -2.156062118
   -1.390000000   -0.631479423   -2.173519920
   -1.290000000   -0.660975337   -2.191368209
   -1.190000000   -0.689460756   -2.210006362
   -1.090000000   -0.716934002   -2.229968986
   -0.990000000   -0.743395695   -2.251988841
   -0.890000000   -0.768849526   -2.277098834
   -0.790000000   -0.793303535   -2.306805042
   -0.690000000   -0.816772291   -2.343396818
   -0.590000000   -0.839280818   -2.390542291
   -0.490000000   -0.860872138   -2.454538086
   -0.390000000   -0.881623140   -2.547264766
   -0.290000000   -0.901682736   -2.694478161
   -0.190000000   -0.921384773   -2.966303285
   -0.090000000   -0.941742851   -3.668216623
