    0.000000000    0.000000000
    0.204081633    0.041360803
    0.408163265    0.162009857
    0.612244898    0.351860842
    0.816326531    0.594803905
    1.020408163    0.869715887
    1.224489796    1.151795247
    1.428571429    1.414147252
    1.632653061    1.629530583
    1.836734694    1.772166690
    2.040816327    1.819508633
    2.244897959    1.753866992
    2.448979592    1.563796703
    2.653061224    1.245160197
    2.857142857    0.801798284
    3.061224490    0.245760229
    3.265306122   -0.402932693
    3.469387755   -1.116991297
    3.673469388   -1.863006280
    3.877551020   -2.602991444
    4.081632653   -3.296251800
    4.285714286   -3.901486904
    4.489795918   -4.379024958
    4.693877551   -4.693073341
    4.897959184   -4.813867121
    5.102040816   -4.719598835
    5.306122449   -4.398020642
    5.510204082   -3.847623404
    5.714285714   -3.078315934
    5.918367347   -2.111550609
    6.122448980   -0.979867874
    6.326530612    0.274139538
    6.530612245    1.599412709
    6.734693878    2.938504709
    6.938775510    4.230066261
    7.142857143    5.411631539
    7.346938776    6.422578522
    7.551020408    7.207125794
    7.755102041    7.717221429
    7.959183673    7.915180270
    8.163265306    7.775933449
    8.367346939    7.288768335
    8.571428571    6.458457664
    8.775510204    5.305702573
    8.979591837    3.866844550
    9.183673469    2.192834531
    9.387755102    0.347482136
    9.591836735   -1.594957410
    9.795918367   -3.552768282
   10.000000000   -5.440211109
