   1.0000000000  -5.0000000000  -0.1921578878
   1.0000000000  -4.0000000000  -0.2348532657
   1.0000000000  -3.0000000000  -0.2982797723
   1.0000000000  -2.0000000000  -0.3894003915

   0.1000000000  -3.0000000000  -0.2982797723
   0.1000000000  -2.9000000000  -0.3061693799
   0.1000000000  -2.8000000000  -0.3143744657
   0.1000000000  -2.7000000000  -0.3228956786
   0.1000000000  -2.6000000000  -0.3317278288
   0.1000000000  -2.5000000000  -0.3408575156
   0.1000000000  -2.4000000000  -0.3502598931
   0.1000000000  -2.3000000000  -0.3598942503
   0.1000000000  -2.2000000000  -0.3696979602
   0.1000000000  -2.1000000000  -0.3795781728
   0.1000000000  -2.0000000000  -0.3894003915
   0.1000000000  -1.9000000000  -0.3989727355
   0.1000000000  -1.8000000000  -0.4080242622
   0.1000000000  -1.7000000000  -0.4161751755
   0.1000000000  -1.6000000000  -0.4228961539
   0.1000000000  -1.5000000000  -0.4274535923
   0.1000000000  -1.4000000000  -0.4288378866

   0.0100000000  -1.5000000000  -0.4274535923
   0.0100000000  -1.4900000000  -0.4277543141
   0.0100000000  -1.4800000000  -0.4280224179
   0.0100000000  -1.4700000000  -0.4282566803
   0.0100000000  -1.4600000000  -0.4284558394
   0.0100000000  -1.4500000000  -0.4286185942
   0.0100000000  -1.4400000000  -0.4287436033
   0.0100000000  -1.4300000000  -0.4288294840
   0.0100000000  -1.4200000000  -0.4288748111
   0.0100000000  -1.4100000000  -0.4288781163

   0.0010000000  -1.4200000000  -0.4288748111
   0.0010000000  -1.4190000000  -0.4288770573
   0.0010000000  -1.4180000000  -0.4288788817
   0.0010000000  -1.4170000000  -0.4288802830
   0.0010000000  -1.4160000000  -0.4288812596
   0.0010000000  -1.4150000000  -0.4288818100
   0.0010000000  -1.4140000000  -0.4288819327

   0.0001000000  -1.4150000000  -0.4288818100
   0.0001000000  -1.4149000000  -0.4288818415
   0.0001000000  -1.4148000000  -0.4288818688
   0.0001000000  -1.4147000000  -0.4288818918
   0.0001000000  -1.4146000000  -0.4288819105
   0.0001000000  -1.4145000000  -0.4288819249
   0.0001000000  -1.4144000000  -0.4288819350
   0.0001000000  -1.4143000000  -0.4288819409
   0.0001000000  -1.4142000000  -0.4288819424

   0.0000100000  -1.4143000000  -0.4288819409
   0.0000100000  -1.4142900000  -0.4288819412
   0.0000100000  -1.4142800000  -0.4288819415
   0.0000100000  -1.4142700000  -0.4288819418
   0.0000100000  -1.4142600000  -0.4288819420
   0.0000100000  -1.4142500000  -0.4288819422
   0.0000100000  -1.4142400000  -0.4288819423
   0.0000100000  -1.4142300000  -0.4288819424
   0.0000100000  -1.4142200000  -0.4288819425
   0.0000100000  -1.4142100000  -0.4288819425

   0.0000010000  -1.4142200000  -0.4288819425
   0.0000010000  -1.4142190000  -0.4288819425
   0.0000010000  -1.4142180000  -0.4288819425
   0.0000010000  -1.4142170000  -0.4288819425
   0.0000010000  -1.4142160000  -0.4288819425
   0.0000010000  -1.4142150000  -0.4288819425
   0.0000010000  -1.4142140000  -0.4288819425

   0.0000001000  -1.4142150000  -0.4288819425
   0.0000001000  -1.4142149000  -0.4288819425
   0.0000001000  -1.4142148000  -0.4288819425
   0.0000001000  -1.4142147000  -0.4288819425
   0.0000001000  -1.4142146000  -0.4288819425
   0.0000001000  -1.4142145000  -0.4288819425
   0.0000001000  -1.4142144000  -0.4288819425
   0.0000001000  -1.4142143000  -0.4288819425
   0.0000001000  -1.4142142000  -0.4288819425
   0.0000001000  -1.4142141000  -0.4288819425
   0.0000001000  -1.4142140000  -0.4288819425
   0.0000001000  -1.4142139000  -0.4288819425
   0.0000001000  -1.4142138000  -0.4288819425
   0.0000001000  -1.4142137000  -0.4288819425
   0.0000001000  -1.4142136000  -0.4288819425

   0.0000000100  -1.4142137000  -0.4288819425
   0.0000000100  -1.4142136900  -0.4288819425
   0.0000000100  -1.4142136800  -0.4288819425
   0.0000000100  -1.4142136700  -0.4288819425
   0.0000000100  -1.4142136600  -0.4288819425
   0.0000000100  -1.4142136500  -0.4288819425
   0.0000000100  -1.4142136400  -0.4288819425
   0.0000000100  -1.4142136300  -0.4288819425
   0.0000000100  -1.4142136200  -0.4288819425
   0.0000000100  -1.4142136100  -0.4288819425
   0.0000000100  -1.4142136000  -0.4288819425
   0.0000000100  -1.4142135900  -0.4288819425
   0.0000000100  -1.4142135800  -0.4288819425
   0.0000000100  -1.4142135700  -0.4288819425

   0.0000000010  -1.4142135800  -0.4288819425

